<?xml version="1.0" encoding="UTF-8"?>
<!-- Generated by org.testng.reporters.JUnitXMLReporter -->
<testsuite hostname="SRIRAM" name="Default test" tests="6" failures="0" timestamp="9 Aug 2020 09:53:45 GMT" time="2.239" errors="0">
  <testcase name="@BeforeMethod launchApp" time="0.0" classname="testScripts.Scenario_Cart">
    <failure type="org.testng.TestNGException" message="
Parameter &amp;apos;browser&amp;apos; is required by @Configuration on method launchApp but has not been marked @Optional or defined
in C:\Users\SRIRAM BS\AppData\Local\Temp\testng-eclipse-2013175701\testng-customsuite.xml">
      <![CDATA[org.testng.TestNGException: 
Parameter 'browser' is required by @Configuration on method launchApp but has not been marked @Optional or defined
in C:\Users\SRIRAM BS\AppData\Local\Temp\testng-eclipse-2013175701\testng-customsuite.xml
	at org.testng.internal.Parameters.createParameters(Parameters.java:154)
	at org.testng.internal.Parameters.createParameters(Parameters.java:361)
	at org.testng.internal.Parameters.createConfigurationParameters(Parameters.java:84)
	at org.testng.internal.Invoker.invokeConfigurations(Invoker.java:197)
	at org.testng.internal.Invoker.invokeMethod(Invoker.java:585)
	at org.testng.internal.Invoker.invokeTestMethod(Invoker.java:816)
	at org.testng.internal.Invoker.invokeTestMethods(Invoker.java:1124)
	at org.testng.internal.TestMethodWorker.invokeTestMethods(TestMethodWorker.java:125)
	at org.testng.internal.TestMethodWorker.run(TestMethodWorker.java:108)
	at org.testng.TestRunner.privateRun(TestRunner.java:774)
	at org.testng.TestRunner.run(TestRunner.java:624)
	at org.testng.SuiteRunner.runTest(SuiteRunner.java:359)
	at org.testng.SuiteRunner.runSequentially(SuiteRunner.java:354)
	at org.testng.SuiteRunner.privateRun(SuiteRunner.java:312)
	at org.testng.SuiteRunner.run(SuiteRunner.java:261)
	at org.testng.SuiteRunnerWorker.runSuite(SuiteRunnerWorker.java:52)
	at org.testng.SuiteRunnerWorker.run(SuiteRunnerWorker.java:86)
	at org.testng.TestNG.runSuitesSequentially(TestNG.java:1215)
	at org.testng.TestNG.runSuitesLocally(TestNG.java:1140)
	at org.testng.TestNG.run(TestNG.java:1048)
	at org.testng.remote.AbstractRemoteTestNG.run(AbstractRemoteTestNG.java:115)
	at org.testng.remote.RemoteTestNG.initAndRun(RemoteTestNG.java:251)
	at org.testng.remote.RemoteTestNG.main(RemoteTestNG.java:77)
]]>
    </failure>
  </testcase> <!-- @BeforeMethod launchApp -->
  <testcase name="@AfterMethod tearDown" time="0.0" classname="testScripts.Scenario_Cart">
    <skipped/>
  </testcase> <!-- @AfterMethod tearDown -->
  <testcase name="@BeforeMethod launchApp" time="0.0" classname="testScripts.Scenario_Login">
    <skipped/>
  </testcase> <!-- @BeforeMethod launchApp -->
  <testcase name="@AfterMethod tearDown" time="0.0" classname="testScripts.Scenario_Login">
    <skipped/>
  </testcase> <!-- @AfterMethod tearDown -->
  <testcase name="@BeforeMethod launchApp" time="0.0" classname="testScripts.Scenario_Search">
    <skipped/>
  </testcase> <!-- @BeforeMethod launchApp -->
  <testcase name="@AfterMethod tearDown" time="0.0" classname="testScripts.Scenario_Search">
    <skipped/>
  </testcase> <!-- @AfterMethod tearDown -->
  <testcase name="@BeforeMethod launchApp" time="0.0" classname="testScripts.Scenario_Search">
    <skipped/>
  </testcase> <!-- @BeforeMethod launchApp -->
  <testcase name="@AfterMethod tearDown" time="0.0" classname="testScripts.Scenario_Search">
    <skipped/>
  </testcase> <!-- @AfterMethod tearDown -->
  <testcase name="@BeforeMethod launchApp" time="0.0" classname="testScripts.Scenario_Search">
    <skipped/>
  </testcase> <!-- @BeforeMethod launchApp -->
  <testcase name="@AfterMethod tearDown" time="0.0" classname="testScripts.Scenario_Search">
    <skipped/>
  </testcase> <!-- @AfterMethod tearDown -->
  <testcase name="@BeforeMethod launchApp" time="0.0" classname="testScripts.Scenario_Search">
    <skipped/>
  </testcase> <!-- @BeforeMethod launchApp -->
  <testcase name="@AfterMethod tearDown" time="0.0" classname="testScripts.Scenario_Search">
    <skipped/>
  </testcase> <!-- @AfterMethod tearDown -->
  <testcase name="AddtoCart" time="0.004" classname="testScripts.Scenario_Cart">
    <skipped/>
  </testcase> <!-- AddtoCart -->
  <testcase name="ValidLogin" time="0.004" classname="testScripts.Scenario_Login">
    <skipped/>
  </testcase> <!-- ValidLogin -->
  <testcase name="invalidsearch" time="0.002" classname="testScripts.Scenario_Search">
    <skipped/>
  </testcase> <!-- invalidsearch -->
  <testcase name="validsearch" time="0.008" classname="testScripts.Scenario_Search">
    <skipped/>
  </testcase> <!-- validsearch -->
  <testcase name="validsearch" time="0.002" classname="testScripts.Scenario_Search">
    <skipped/>
  </testcase> <!-- validsearch -->
  <testcase name="validsearch" time="0.002" classname="testScripts.Scenario_Search">
    <skipped/>
  </testcase> <!-- validsearch -->
</testsuite> <!-- Default test -->
